TN:
SF:src/shared/value-object.js
FN:9,equals
FNF:1
FNH:1
FNDA:6,equals
DA:1,1
DA:2,1
DA:3,1
DA:4,1
DA:5,1
DA:6,1
DA:7,1
DA:8,1
DA:9,1
DA:10,6
DA:11,2
DA:12,2
DA:13,6
DA:14,2
DA:15,2
DA:16,2
DA:17,2
DA:18,2
DA:19,1
LF:19
LH:19
BRDA:9,0,0,6
BRDA:10,1,0,5
BRDA:10,2,0,2
BRDA:12,3,0,4
BRDA:13,4,0,2
BRF:5
BRH:5
end_of_record
TN:
SF:src/shared/errors/index.js
FN:2,InvalidUUIDError
FNF:1
FNH:1
FNDA:10,InvalidUUIDError
DA:1,1
DA:2,1
DA:3,10
DA:4,10
DA:5,10
DA:6,1
LF:6
LH:6
BRDA:2,0,0,10
BRDA:3,1,0,5
BRF:2
BRH:2
end_of_record
TN:
SF:src/shared/providers/id/uuid.js
FN:4,generate
FN:8,validate
FNF:2
FNH:2
FNDA:1,generate
FNDA:7,validate
DA:1,1
DA:2,1
DA:3,1
DA:4,1
DA:5,1
DA:6,1
DA:7,1
DA:8,1
DA:9,7
DA:10,7
DA:11,1
LF:11
LH:11
BRDA:4,0,0,1
BRDA:8,1,0,7
BRF:2
BRH:2
end_of_record
TN:
SF:src/shared/value-objects/uuid.vo.js
FN:5,<instance_members_initializer>
FN:12,UUID
FN:18,#validate
FN:26,#generate
FNF:4
FNH:4
FNDA:6,<instance_members_initializer>
FNDA:6,UUID
FNDA:6,#validate
FNDA:1,#generate
DA:1,1
DA:2,1
DA:3,1
DA:4,1
DA:5,1
DA:6,6
DA:7,6
DA:8,6
DA:9,6
DA:10,6
DA:11,6
DA:12,6
DA:13,6
DA:14,6
DA:15,6
DA:16,6
DA:17,6
DA:18,6
DA:19,6
DA:20,6
DA:21,6
DA:22,5
DA:23,5
DA:24,6
DA:25,6
DA:26,6
DA:27,1
DA:28,1
DA:29,6
LF:29
LH:29
BRDA:5,0,0,6
BRDA:12,1,0,6
BRDA:14,2,0,1
BRDA:18,3,0,6
BRDA:21,4,0,5
BRDA:26,5,0,1
BRF:6
BRH:6
end_of_record
